<?xml version="1.0" encoding="UTF-8"?>
<!-- Generated by org.testng.reporters.JUnitXMLReporter -->
<testsuite ignored="4" hostname="DESKTOP-95VIPUV" failures="0" tests="1" name="Default test" time="5.793" errors="0" timestamp="2025-01-07T18:42:09 IST">
  <testcase classname="selenium_training.Pract" name="property" time="0.011"/>
  <testcase classname="selenium_training.Pract" name="takesscreen" time="0.0">
    <ignored/>
  </testcase> <!-- takesscreen -->
  <testcase classname="selenium_training.Pract" name="MouseAction" time="0.0">
    <ignored/>
  </testcase> <!-- MouseAction -->
  <testcase classname="selenium_training.Pract" name="scroll" time="0.0">
    <ignored/>
  </testcase> <!-- scroll -->
  <testcase classname="selenium_training.Pract" name="file" time="0.0">
    <ignored/>
  </testcase> <!-- file -->
</testsuite> <!-- Default test -->
