<?xml version="1.0" encoding="UTF-8"?>
<testng-results ignored="0" total="1" passed="1" failed="0" skipped="0">
  <reporter-output>
  </reporter-output>
  <suite started-at="2025-01-07T18:42:03 IST" name="Default suite" finished-at="2025-01-07T18:42:09 IST" duration-ms="5793">
    <groups>
    </groups>
    <test started-at="2025-01-07T18:42:03 IST" name="Default test" finished-at="2025-01-07T18:42:09 IST" duration-ms="5793">
      <class name="selenium_training.Pract">
        <test-method is-config="true" signature="setup()[pri:0, instance:selenium_training.Pract@1583741e]" started-at="2025-01-07T18:42:03 IST" name="setup" finished-at="2025-01-07T18:42:09 IST" duration-ms="5287" status="PASS">
          <reporter-output>
          </reporter-output>
        </test-method> <!-- setup -->
        <test-method signature="property()[pri:0, instance:selenium_training.Pract@1583741e]" started-at="2025-01-07T18:42:09 IST" name="property" finished-at="2025-01-07T18:42:09 IST" duration-ms="11" status="PASS">
          <reporter-output>
          </reporter-output>
        </test-method> <!-- property -->
        <test-method is-config="true" signature="teardawn()[pri:0, instance:selenium_training.Pract@1583741e]" started-at="2025-01-07T18:42:09 IST" name="teardawn" finished-at="2025-01-07T18:42:09 IST" duration-ms="420" status="PASS">
          <reporter-output>
          </reporter-output>
        </test-method> <!-- teardawn -->
      </class> <!-- selenium_training.Pract -->
    </test> <!-- Default test -->
  </suite> <!-- Default suite -->
</testng-results>
